Version: v1.0
Timestamp: 2024-02-11T03:03:00Z
Topic: D Flip-Flop Analysis

Key Components:
- Timing Diagrams
- Circuit Functionality
- Operational Behavior
- Component Integration

Analysis Areas:
1. Basic Functionality:
   - Clock-triggered operation
   - Data input handling
   - Output behavior
   - Edge detection

2. Timing Characteristics:
   - Setup time requirements
   - Hold time constraints
   - Clock-to-Q delay
   - Maximum frequency

3. Circuit Integration:
   - Multiplexer interaction
   - Sequential logic implementation
   - State machine components
   - Signal propagation

4. Documentation:
   - Circuit diagrams
   - Truth tables
   - Timing specifications
   - Implementation guidelines

Status: Complete
Outcome: Comprehensive analysis of D Flip-Flop behavior, timing, and integration aspects documented.

---
End Log Entry