Version: v1.0
Timestamp: 2024-02-11T03:02:00Z
Topic: File Analysis and Reorganization

Key Actions:
- Analyzed reports directory structure
- Created categorized directory system
- Implemented file organization strategy
- Established consistent naming conventions

Directory Categories:
- State Machines
- PDF Documents
- LaTeX Files
- Markdown Reports
- Tasks
- Configuration Files

Process Steps:
1. Initial Analysis:
   - Evaluated existing file structure
   - Identified file types and categories
   - Determined organizational needs

2. Directory Creation:
   - Created category-specific directories
   - Established clear naming conventions
   - Set up hierarchical structure

3. File Migration:
   - Moved files to appropriate directories
   - Maintained file integrity
   - Updated file references

4. Verification:
   - Confirmed file locations
   - Validated directory structure
   - Ensured accessibility

Status: Complete
Outcome: Successfully reorganized files into logical, accessible structure with clear categorization.

---
End Log Entry