Version: v1.0
Timestamp: 2024-02-11T03:00:00Z
Topic: Continuing Git Repository Reorganization

Key Actions:
- Consolidated template files into docs/templates/
- Removed redundant and empty directories
- Maintained clean structure as defined in README
- Successfully committed and pushed changes to remote repository

Directory Structure Changes:
- src/ - Source code organization
- docs/ - Documentation and templates
- labs/ - Laboratory work
- resources/ - Additional resources
- tests/ - Test suites

Commands Executed:
1. Directory consolidation:
   - mkdir -p docs/templates
   - mv template-bare/* approved-templates/* docs/templates/
   - mkdir -p src/conversions
   - mv conversions-and-digital-logic/* src/conversions/
   - mkdir -p src/microarch
   - mv microarch_lab/* src/microarch/

2. Cleanup:
   - Removed empty directories
   - Cleaned up redundant files
   - Committed changes with descriptive message

Status: Complete
Outcome: Successfully reorganized repository structure with improved organization and documentation.

---
End Log Entry