Version: v1.0
Timestamp: 2024-02-11T03:01:00Z
Topic: Nested Git Repository Reorganization

Key Actions:
- Identified multiple nested git repositories
- Removed nested .git directories
- Restructured into single repository
- Implemented clean directory organization

Process Steps:
1. Initial Assessment:
   - Located nested .git directories
   - Evaluated repository structure
   - Identified potential conflicts

2. Repository Cleanup:
   - Removed nested .git directories
   - Preserved important files and history
   - Consolidated into single repository

3. Structure Implementation:
   - Created standardized directory layout
   - Moved files to appropriate locations
   - Established clear organization hierarchy

4. Version Control:
   - Initialized clean git repository
   - Added all files to version control
   - Created initial commit
   - Pushed to remote repository

Status: Complete
Outcome: Successfully converted nested repositories into single, well-organized repository structure.

---
End Log Entry