Below is an analysis of the v3.md document relative to the rest of the codebase, along with suggestions to ensure it is ready to present.

---

## Initial Assessment
- The v3.md file is comprehensive and well structured. It covers all key sections expected in our design documentation, including metadata, notation, design implementation (with subsections on possible inputs, truth table analysis, K-Map reduction, and gate operations), circuit analysis, simulation/testing, and glossary.
- The verification checklists integrated in each section mirror the quality‐assurance practices present across our other documentation (e.g., style guides and lab documents).

---

## Contextual Insights
- **Consistency with Codebase Style:**
  The structure and labeling in v3.md match other project files (for example, the clear table of contents and sectioning in our language guides and lab notebooks). The use of verification checklists for notation, truth table correctness, and diagram accuracy is consistent with best practices found throughout the project.

- **Integrated Glossary:**
  The glossary in v3.md precisely defines key terms (e.g., AND Gate, XOR Gate, K-Map) in a way that aligns with definitions in other parts of the codebase. This consistency strengthens overall clarity for both new readers and technical reviewers.

- **Design and Simulation Details:**
  Detailed explanations of the Half Adder and Full Adder—including truth tables, Boolean expressions, and corresponding circuit diagrams—align with the simulation and testing instructions provided in files like the analysis templates and lab documentation.

---

## Component Breakdown
- **Document Metadata & Table of Contents:**
  Includes pertinent metadata (title, version, author, date) and a complete TOC that tracks with the components expected in technical documentation.

- **Notation and Definitions:**
  Clearly defines logic levels, basic operators, and the required symbols. This section uses checklists to ensure completeness—mirroring quality goals from the style guides.

- **Design Implementation:**
  Outlines both Half Adder and Full Adder designs with distinct subsections: inputs, truth table analysis, K-Map reduction, and explicit gate-level operations. The verification checklists here enhance confidence that all components (e.g., sum and carry logic) are correctly implemented.

- **Circuit Analysis and Simulation:**
  The circuit diagram descriptions, along with simulation setups and testing instructions, are detailed enough to be cross-referenced with our circuit simulation files and related documentation.

- **Glossary:**
  Provides succinct definitions that cover both logical and physical elements (e.g., CMOS, MOSFET, propagation delay) as seen in our comprehensive reports and language guides.

---

## Reasoning and Analysis
- **Alignment with Codebase Standards:**
  The document reflects the same structured approach seen across our resources. The thorough checklists (for verifying symbols, truth table completeness, and diagram accuracy) are consistent with established documentation protocols and dynamic logging systems in the repository.

- **Detail and Clarity:**
  Each section is detailed enough to stand alone while contributing toward an overall coherent narrative. Cross-references (e.g., from the table of contents to specific sections) and clear bullet lists ensure that the reader can follow the design process from theory (truth tables and K-Maps) to practical implementation (gate operations and circuit diagrams).

- **Readiness for Presentation:**
  With minor details to update (such as replacing placeholder values like 2024-XX-XX with concrete date and author information), the document is well-organized and technically accurate. It is directly ready for presentation and review by stakeholders.

---

## Output Generation Guidance
To finalize the document for presentation, consider the following refinements:
- **Metadata Updates:**
  Fill in the exact publication date and the correct author(s) in the metadata section.

- **Minor Formatting Touches:**
  Although the document already adheres to our style guide, a last pass for any minor typos or inconsistencies (especially in verification checklist comments) may help polish the delivery.

- **Cross-Reference Check:**
  Ensure that any in-text references (e.g., “see Circuit Diagram” or “refer to K-Map Reduction”) correctly point to the corresponding sections. This is particularly important if additional related files are referenced in a live environment.

Once these minor adjustments are set, the v3.md document is fully consistent with the codebase standards and ready to present.

---

## Summary & Log Entry
- **Version:** v1.0
- **Timestamp:** 2024-10-27TXX:XX:00Z
- **Summary:**
  - Analyzed the v3.md document against the broader codebase context.
  - Verified that key sections (metadata, design implementation, simulation, glossary) are comprehensive and consistent.
  - Recommended minor metadata and formatting updates before final presentation.

---

This analysis confirms that our Half & Full Adder Design Documentation is mature, consistent, and ready for presentation with only minimal final adjustments needed.
